\BOOKMARK [1][-]{section.1}{\376\377\000O\000p\000i\000s\000\040\000p\000r\000o\000b\000l\000e\000m\000u}{}% 1
\BOOKMARK [2][-]{subsection.1.1}{\376\377\000W\000a\000r\000i\000a\000n\000t\000\040\000A\000:\000\040\000B\000e\000z\000\040\000z\000a\000c\000h\000o\000w\000a\000n\000i\000a\000\040\000k\000o\000l\000e\000j\000n\000o\001\133\000c\000i}{section.1}% 2
\BOOKMARK [2][-]{subsection.1.2}{\376\377\000W\000a\000r\000i\000a\000n\000t\000\040\000B\000:\000\040\000Z\000\040\000z\000a\000c\000h\000o\000w\000a\000n\000i\000e\000m\000\040\000k\000o\000l\000e\000j\000n\000o\001\133\000c\000i}{section.1}% 3
\BOOKMARK [1][-]{section.2}{\376\377\000I\000m\000p\000l\000e\000m\000e\000n\000t\000a\000c\000j\000a\000\040\000w\000\040\000J\000C\000S\000P}{}% 4
\BOOKMARK [2][-]{subsection.2.1}{\376\377\000W\000a\000r\000i\000a\000n\000t\000\040\000A\000\040\040\023\000\040\000K\000o\000n\000s\000t\000r\000u\000k\000c\000j\000a\000\040\000A\000L\000T}{section.2}% 5
\BOOKMARK [2][-]{subsection.2.2}{\376\377\000W\000a\000r\000i\000a\000n\000t\000\040\000B\000\040\040\023\000\040\001\101\000a\001\104\000c\000u\000c\000h\000\040\000\050\000P\000i\000p\000e\000l\000i\000n\000e\000\051}{section.2}% 6
\BOOKMARK [1][-]{section.3}{\376\377\000M\000e\000t\000o\000d\000y\000k\000a\000\040\000p\000o\000m\000i\000a\000r\000\363\000w}{}% 7
\BOOKMARK [2][-]{subsection.3.1}{\376\377\000P\000a\000r\000a\000m\000e\000t\000r\000y\000\040\000t\000e\000s\000t\000\363\000w}{section.3}% 8
\BOOKMARK [2][-]{subsection.3.2}{\376\377\001\132\000r\000o\000d\000o\000w\000i\000s\000k\000o\000\040\000t\000e\000s\000t\000o\000w\000e}{section.3}% 9
\BOOKMARK [1][-]{section.4}{\376\377\000W\000y\000n\000i\000k\000i\000\040\000p\000o\000m\000i\000a\000r\000\363\000w}{}% 10
\BOOKMARK [2][-]{subsection.4.1}{\376\377\000C\000z\000a\000s\000y\000\040\000w\000y\000k\000o\000n\000a\000n\000i\000a}{section.4}% 11
\BOOKMARK [1][-]{section.5}{\376\377\000A\000n\000a\000l\000i\000z\000a\000\040\000w\000y\000n\000i\000k\000\363\000w}{}% 12
\BOOKMARK [2][-]{subsection.5.1}{\376\377\000P\000o\000r\000\363\000w\000n\000a\000n\000i\000e\000\040\000w\000a\000r\000i\000a\000n\000t\000\363\000w\000\040\000J\000C\000S\000P}{section.5}% 13
\BOOKMARK [2][-]{subsection.5.2}{\376\377\000J\000C\000S\000P\000\040\000v\000s\000\040\000B\000l\000o\000c\000k\000i\000n\000g\000Q\000u\000e\000u\000e}{section.5}% 14
\BOOKMARK [2][-]{subsection.5.3}{\376\377\000W\000p\001\102\000y\000w\000\040\000r\000o\000z\000m\000i\000a\000r\000u\000\040\000b\000u\000f\000o\000r\000a}{section.5}% 15
\BOOKMARK [1][-]{section.6}{\376\377\000W\000n\000i\000o\000s\000k\000i}{}% 16
\BOOKMARK [2][-]{subsection.6.1}{\376\377\000K\000i\000e\000d\000y\000\040\000s\000t\000o\000s\000o\000w\000a\001\007\000\040\000W\000a\000r\000i\000a\000n\000t\000\040\000A}{section.6}% 17
\BOOKMARK [2][-]{subsection.6.2}{\376\377\000K\000i\000e\000d\000y\000\040\000s\000t\000o\000s\000o\000w\000a\001\007\000\040\000W\000a\000r\000i\000a\000n\000t\000\040\000B}{section.6}% 18
\BOOKMARK [2][-]{subsection.6.3}{\376\377\000J\000C\000S\000P\000\040\000v\000s\000\040\000s\000t\000a\000n\000d\000a\000r\000d\000o\000w\000e\000\040\000m\000e\000c\000h\000a\000n\000i\000z\000m\000y\000\040\000J\000a\000v\000a}{section.6}% 19
\BOOKMARK [1][-]{section.7}{\376\377\000P\000o\000d\000s\000u\000m\000o\000w\000a\000n\000i\000e}{}% 20
\BOOKMARK [1][-]{section.8}{\376\377\000I\000n\000s\000t\000r\000u\000k\000c\000j\000a\000\040\000u\000r\000u\000c\000h\000o\000m\000i\000e\000n\000i\000a}{}% 21
\BOOKMARK [1][-]{appendix.A}{\376\377\000S\000t\000r\000u\000k\000t\000u\000r\000a\000\040\000p\000r\000o\000j\000e\000k\000t\000u}{}% 22
